1
0.053748029
0.053052058
0.050519507
0.062150357
0.054499408
0.053518262
0.055002102
0.051275003
0.048058862
0.056029194
0.048033899
2
0.062330076
0.062266904
0.055603882
0.055384184
0.054925160
0.045702824
0.061964257
0.054552808
0.057502277
0.052783583
0.062234682
4
0.058959246
0.050220136
0.061920883
0.048899269
0.056464341
0.057583712
0.048774194
0.059430679
0.049682744
0.059239370
0.054659151
8
0.067492444
0.062437075
0.061151435
0.062563380
0.068356778
0.055676549
0.063178252
0.069324408
0.062626612
0.085111904
0.070350356
16
0.056044441
0.061909307
0.059889220
0.048773865
0.058175463
0.058125128
0.057649896
0.062778429
0.060095467
0.053724779
0.052954822
32
0.057423766
0.062336980
0.058867061
0.057154437
0.059070524
0.055610611
0.056700464
0.054799165
0.058304068
0.047008265
0.064451617
