1
0.052923807
0.055046515
0.054699941
0.064617383
0.074678139
0.053392952
0.053526143
0.055393938
0.045167088
0.058688709
0.061005362
2
0.055137848
0.051508486
0.056573931
0.059590136
0.066387893
0.059598083
0.058956747
0.059383008
0.062111938
0.058789967
0.062401189
4
0.063923531
0.057137718
0.058253522
0.057422441
0.053979485
0.058251038
0.062173936
0.059269496
0.069204531
0.063011060
0.061613743
8
0.086421528
0.063157700
0.059436469
0.077155913
0.075179981
0.067472619
0.067091714
0.069844720
0.069218797
0.059590217
0.060115756
16
0.073690961
0.059473936
0.056157143
0.054994899
0.056013360
0.057070533
0.059444544
0.060659149
0.049730333
0.056530763
0.049258156
32
0.060220410
0.047430846
0.059160309
0.058105930
0.058440938
0.060755844
0.051841768
0.056133997
0.058054712
0.062596871
0.053394837
