31
0.037511340
0.039011421
0.040206171
0.033181712
0.026005901
0.039370812
0.024857453
0.040621114
0.040201830
0.038934541
0.039093422
2
0.033406715
0.049729027
0.052539529
0.042794106
0.042069196
0.044551455
0.051956048
0.038788350
0.049799143
0.038088390
0.035883035
4
0.066467513
0.075479955
0.071069176
0.072691340
0.064485158
0.066485532
0.067910821
0.075350579
0.064224649
0.067924612
0.067872652
8
0.110756511
0.099604563
0.092797054
0.109413138
0.108954325
0.102456697
0.099711652
0.106250160
0.115115083
0.101895312
0.116004685
16
0.117101841
0.118873086
0.120572707
0.119525511
0.120809267
0.118960100
0.118943690
0.120452237
0.116447620
0.120467711
0.120167186
32
0.123597780
0.121011803
0.121860814
0.124903591
0.123545407
0.126489238
0.124508850
0.122257638
0.124592540
0.122958820
0.121699972
